
> nexus-site@0.1.0 build
> next build

▲ Next.js 16.2.6 (Turbopack)

  Creating an optimized production build ...
✓ Compiled successfully in 11.6s
  Running TypeScript ...
  Finished TypeScript in 5.8s ...
  Collecting page data using 1 worker ...
  Generating static pages using 1 worker (0/6) ...
  Generating static pages using 1 worker (1/6) 
  Generating static pages using 1 worker (2/6) 
  Generating static pages using 1 worker (4/6) 
✓ Generating static pages using 1 worker (6/6) in 466ms
  Finalizing page optimization ...

Route (app)
┌ ○ /
├ ○ /_not-found
├ ○ /admin
└ ○ /admin/dashboard


○  (Static)  prerendered as static content

